<?xml version="1.0" encoding="UTF-8"?>
<!-- Generated by org.testng.reporters.JUnitXMLReporter -->
<testsuite ignored="0" hostname="Admin" failures="0" tests="0" time="1.905" errors="0" timestamp="21 Mar 2023 02:57:25 GMT">
  <testcase classname="com.nopcommerce.test.commons.Common_01_Register2" name="@BeforeTest beforeTest" time="1.866">
    <failure type="org.openqa.selenium.SessionNotCreatedException" message="session not created: This version of ChromeDriver only supports Chrome version 105
Current browser version is 111.0.5563.65 with binary path C:\Program Files (x86)\Google\Chrome\Application\chrome.exe
Build info: version: &amp;apos;3.141.59&amp;apos;, revision: &amp;apos;e82be7d358&amp;apos;, time: &amp;apos;2018-11-14T08:25:53&amp;apos;
System info: host: &amp;apos;ADMIN&amp;apos;, ip: &amp;apos;192.168.1.77&amp;apos;, os.name: &amp;apos;Windows 10&amp;apos;, os.arch: &amp;apos;amd64&amp;apos;, os.version: &amp;apos;10.0&amp;apos;, java.version: &amp;apos;11.0.14&amp;apos;
Driver info: driver.version: ChromeDriver
remote stacktrace: Backtrace:
	Ordinal0 [0x015EDF13+2219795]
	Ordinal0 [0x01582841+1779777]
	Ordinal0 [0x0149423D+803389]
	Ordinal0 [0x014B64AC+943276]
	Ordinal0 [0x014B19F0+924144]
	Ordinal0 [0x014AF179+913785]
	Ordinal0 [0x014E36B9+1128121]
	Ordinal0 [0x014E331A+1127194]
	Ordinal0 [0x014DE616+1107478]
	Ordinal0 [0x014B7F89+950153]
	Ordinal0 [0x014B8F56+954198]
	GetHandleVerifier [0x018E2CB2+3040210]
	GetHandleVerifier [0x018D2BB4+2974420]
	GetHandleVerifier [0x01686A0A+565546]
	GetHandleVerifier [0x01685680+560544]
	Ordinal0 [0x01589A5C+1808988]
	Ordinal0 [0x0158E3A8+1827752]
	Ordinal0 [0x0158E495+1827989]
	Ordinal0 [0x015980A4+1867940]
	BaseThreadInitThunk [0x76E9FE09+25]
	RtlGetAppContainerNamedObjectPath [0x7722662D+237]
	RtlGetAppContainerNamedObjectPath [0x772265FD+189]
">
      <![CDATA[org.openqa.selenium.SessionNotCreatedException: session not created: This version of ChromeDriver only supports Chrome version 105
Current browser version is 111.0.5563.65 with binary path C:\Program Files (x86)\Google\Chrome\Application\chrome.exe
Build info: version: '3.141.59', revision: 'e82be7d358', time: '2018-11-14T08:25:53'
System info: host: 'ADMIN', ip: '192.168.1.77', os.name: 'Windows 10', os.arch: 'amd64', os.version: '10.0', java.version: '11.0.14'
Driver info: driver.version: ChromeDriver
remote stacktrace: Backtrace:
Ordinal0 [0x015EDF13+2219795]
Ordinal0 [0x01582841+1779777]
Ordinal0 [0x0149423D+803389]
Ordinal0 [0x014B64AC+943276]
Ordinal0 [0x014B19F0+924144]
Ordinal0 [0x014AF179+913785]
Ordinal0 [0x014E36B9+1128121]
Ordinal0 [0x014E331A+1127194]
Ordinal0 [0x014DE616+1107478]
Ordinal0 [0x014B7F89+950153]
Ordinal0 [0x014B8F56+954198]
GetHandleVerifier [0x018E2CB2+3040210]
GetHandleVerifier [0x018D2BB4+2974420]
GetHandleVerifier [0x01686A0A+565546]
GetHandleVerifier [0x01685680+560544]
Ordinal0 [0x01589A5C+1808988]
Ordinal0 [0x0158E3A8+1827752]
Ordinal0 [0x0158E495+1827989]
Ordinal0 [0x015980A4+1867940]
BaseThreadInitThunk [0x76E9FE09+25]
RtlGetAppContainerNamedObjectPath [0x7722662D+237]
RtlGetAppContainerNamedObjectPath [0x772265FD+189]

at org.openqa.selenium.remote.W3CHandshakeResponse.lambda$errorHandler$0(W3CHandshakeResponse.java:62)
at org.openqa.selenium.remote.HandshakeResponse.lambda$getResponseFunction$0(HandshakeResponse.java:30)
at org.openqa.selenium.remote.ProtocolHandshake.lambda$createSession$0(ProtocolHandshake.java:126)
at java.base/java.util.stream.ReferencePipeline$3$1.accept(ReferencePipeline.java:195)
at java.base/java.util.Spliterators$ArraySpliterator.tryAdvance(Spliterators.java:958)
at java.base/java.util.stream.ReferencePipeline.forEachWithCancel(ReferencePipeline.java:127)
at java.base/java.util.stream.AbstractPipeline.copyIntoWithCancel(AbstractPipeline.java:502)
at java.base/java.util.stream.AbstractPipeline.copyInto(AbstractPipeline.java:488)
at java.base/java.util.stream.AbstractPipeline.wrapAndCopyInto(AbstractPipeline.java:474)
at java.base/java.util.stream.FindOps$FindOp.evaluateSequential(FindOps.java:150)
at java.base/java.util.stream.AbstractPipeline.evaluate(AbstractPipeline.java:234)
at java.base/java.util.stream.ReferencePipeline.findFirst(ReferencePipeline.java:543)
at org.openqa.selenium.remote.ProtocolHandshake.createSession(ProtocolHandshake.java:128)
at org.openqa.selenium.remote.ProtocolHandshake.createSession(ProtocolHandshake.java:74)
at org.openqa.selenium.remote.HttpCommandExecutor.execute(HttpCommandExecutor.java:136)
at org.openqa.selenium.remote.service.DriverCommandExecutor.execute(DriverCommandExecutor.java:83)
at org.openqa.selenium.remote.RemoteWebDriver.execute(RemoteWebDriver.java:552)
at org.openqa.selenium.remote.RemoteWebDriver.startSession(RemoteWebDriver.java:213)
at org.openqa.selenium.remote.RemoteWebDriver.<init>(RemoteWebDriver.java:131)
at org.openqa.selenium.chrome.ChromeDriver.<init>(ChromeDriver.java:181)
at org.openqa.selenium.chrome.ChromeDriver.<init>(ChromeDriver.java:168)
at org.openqa.selenium.chrome.ChromeDriver.<init>(ChromeDriver.java:123)
at commons.BaseTestCaMul.getBrowserDriver(BaseTestCaMul.java:43)
at com.nopcommerce.test.commons.Common_01_Register2.beforeTest(Common_01_Register2.java:17)
... Removed 28 stack frames]]>
    </failure>
  </testcase> <!-- @BeforeTest beforeTest -->
</testsuite>
